nohup: ignoring input

  .   ____          _            __ _ _
 /\\ / ___'_ __ _ _(_)_ __  __ _ \ \ \ \
( ( )\___ | '_ | '_| | '_ \/ _` | \ \ \ \
 \\/  ___)| |_)| | | | | || (_| |  ) ) ) )
  '  |____| .__|_| |_|_| |_\__, | / / / /
 =========|_|==============|___/=/_/_/_/
 :: Spring Boot ::                (v2.7.5)

2025-05-21 01:16:07.533  INFO 785384 --- [           main] c.e.formtomysql.FormToMysqlApplication   : Starting FormToMysqlApplication v0.0.1-SNAPSHOT using Java 21.0.7 on ikun-server with PID 785384 (/root/form_ceshi/target/form-to-mysql-0.0.1-SNAPSHOT.jar started by root in /root/form_ceshi)
2025-05-21 01:16:07.542  INFO 785384 --- [           main] c.e.formtomysql.FormToMysqlApplication   : No active profile set, falling back to 1 default profile: "default"
2025-05-21 01:16:10.479  INFO 785384 --- [           main] .s.d.r.c.RepositoryConfigurationDelegate : Bootstrapping Spring Data JPA repositories in DEFAULT mode.
2025-05-21 01:16:10.700  INFO 785384 --- [           main] .s.d.r.c.RepositoryConfigurationDelegate : Finished Spring Data repository scanning in 183 ms. Found 1 JPA repository interfaces.
2025-05-21 01:16:13.227  INFO 785384 --- [           main] o.s.b.w.embedded.tomcat.TomcatWebServer  : Tomcat initialized with port(s): 8080 (http)
2025-05-21 01:16:13.276  INFO 785384 --- [           main] o.apache.catalina.core.StandardService   : Starting service [Tomcat]
2025-05-21 01:16:13.278  INFO 785384 --- [           main] org.apache.catalina.core.StandardEngine  : Starting Servlet engine: [Apache Tomcat/9.0.68]
2025-05-21 01:16:13.561  INFO 785384 --- [           main] o.a.c.c.C.[Tomcat].[localhost].[/]       : Initializing Spring embedded WebApplicationContext
2025-05-21 01:16:13.563  INFO 785384 --- [           main] w.s.c.ServletWebServerApplicationContext : Root WebApplicationContext: initialization completed in 5777 ms
2025-05-21 01:16:15.032  INFO 785384 --- [           main] o.hibernate.jpa.internal.util.LogHelper  : HHH000204: Processing PersistenceUnitInfo [name: default]
2025-05-21 01:16:15.216  INFO 785384 --- [           main] org.hibernate.Version                    : HHH000412: Hibernate ORM core version 5.6.12.Final
2025-05-21 01:16:15.762  INFO 785384 --- [           main] o.hibernate.annotations.common.Version   : HCANN000001: Hibernate Commons Annotations {5.1.2.Final}
2025-05-21 01:16:16.011  INFO 785384 --- [           main] com.zaxxer.hikari.HikariDataSource       : HikariPool-1 - Starting...
2025-05-21 01:16:17.492  INFO 785384 --- [           main] com.zaxxer.hikari.HikariDataSource       : HikariPool-1 - Start completed.
2025-05-21 01:16:17.568  INFO 785384 --- [           main] org.hibernate.dialect.Dialect            : HHH000400: Using dialect: org.hibernate.dialect.MySQL8Dialect
2025-05-21 01:16:19.894  INFO 785384 --- [           main] o.h.e.t.j.p.i.JtaPlatformInitiator       : HHH000490: Using JtaPlatform implementation: [org.hibernate.engine.transaction.jta.platform.internal.NoJtaPlatform]
2025-05-21 01:16:19.928  INFO 785384 --- [           main] j.LocalContainerEntityManagerFactoryBean : Initialized JPA EntityManagerFactory for persistence unit 'default'
2025-05-21 01:16:21.232  WARN 785384 --- [           main] JpaBaseConfiguration$JpaWebConfiguration : spring.jpa.open-in-view is enabled by default. Therefore, database queries may be performed during view rendering. Explicitly configure spring.jpa.open-in-view to disable this warning
2025-05-21 01:16:22.556  INFO 785384 --- [           main] o.s.b.w.embedded.tomcat.TomcatWebServer  : Tomcat started on port(s): 8080 (http) with context path ''
2025-05-21 01:16:22.601  INFO 785384 --- [           main] c.e.formtomysql.FormToMysqlApplication   : Started FormToMysqlApplication in 17.238 seconds (JVM running for 19.422)
2025-05-21 01:18:51.677  INFO 785384 --- [nio-8080-exec-1] o.a.c.c.C.[Tomcat].[localhost].[/]       : Initializing Spring DispatcherServlet 'dispatcherServlet'
2025-05-21 01:18:51.679  INFO 785384 --- [nio-8080-exec-1] o.s.web.servlet.DispatcherServlet        : Initializing Servlet 'dispatcherServlet'
2025-05-21 01:18:51.686  INFO 785384 --- [nio-8080-exec-1] o.s.web.servlet.DispatcherServlet        : Completed initialization in 6 ms
